<?xml version="1.0" encoding="UTF-8"?>
<testsuites name="BookAppointment" time="59.99" tests="1" failures="0" errors="0">
   <testsuite name="BookAppointment" tests="1" failures="0" errors="0" time="59.99" skipped="0" timestamp="26-11-2024T11:53:15" hostname="npewtner - CAW2200264.ca.deloitte.com" id="Test Suites/BookAppointment">
      <properties>
[...]
</properties>
      <testcase name="Test Cases/BookAppointment" time="59.642" classname="Test Cases/BookAppointment" status="PASSED">
         <system-out><![CDATA[26-11-2024T11:53:15 - [TEST_CASE][PASSED] - Test Cases/BookAppointment: Test Cases/BookAppointment

26-11-2024T11:53:16 - [TEST_STEP][PASSED] - openBrowser(""): Browser is opened with url: ''

26-11-2024T11:53:16 - [MESSAGE][INFO] - User set preference: ['browserVersion', '132']

26-11-2024T11:53:16 - [MESSAGE][INFO] - User set preference: ['browserName', 'chrome']

26-11-2024T11:53:16 - [MESSAGE][INFO] - User set preference: ['platformName', 'windows']

26-11-2024T11:53:16 - [MESSAGE][INFO] - User set preference: ['katalon:options', '{metadata={organizationId=1701266, accountId=1425899, channel=kse;v=10.0.0}, tunnelId=, executionMode=queue, usingTunnel=true}']

26-11-2024T11:53:16 - [MESSAGE][INFO] - Connecting to remote web server 'testcloud.katalon.com/hub' with type 'Selenium'

26-11-2024T11:53:17 - [MESSAGE][INFO] - Action delay is set to 0 milliseconds

26-11-2024T11:54:04 - [MESSAGE][WARNING] - Your browser version or type does not support the BiDirectional WebDriver Protocol which is required for Smart Locator functionality. Please update your browser or switch to a compatible one.

26-11-2024T11:54:04 - [MESSAGE][WARNING] - Your browser version or type does not support the BiDirectional WebDriver Protocol which is required for Smart Wait functionality. Please update your browser or switch to a compatible one.

26-11-2024T11:54:05 - [MESSAGE][PASSED] - Browser is opened with url: ''

26-11-2024T11:54:05 - [TEST_STEP][PASSED] - navigateToUrl("https://katalon-demo-cura.herokuapp.com/"): Navigate to 'https://katalon-demo-cura.herokuapp.com/' successfully

26-11-2024T11:54:05 - [MESSAGE][PASSED] - Navigate to 'https://katalon-demo-cura.herokuapp.com/' successfully

26-11-2024T11:54:05 - [TEST_STEP][PASSED] - click(findTestObject("Object Repository/BookAppointment/Page_CURA Healthcare Service/a_Make Appointment")): Object: 'Object Repository/BookAppointment/Page_CURA Healthcare Service/a_Make Appointment' is clicked on

26-11-2024T11:54:07 - [MESSAGE][PASSED] - Object: 'Object Repository/BookAppointment/Page_CURA Healthcare Service/a_Make Appointment' is clicked on

26-11-2024T11:54:07 - [TEST_STEP][PASSED] - click(findTestObject("Object Repository/BookAppointment/Page_CURA Healthcare Service/button_Login")): Object: 'Object Repository/BookAppointment/Page_CURA Healthcare Service/button_Login' is clicked on

26-11-2024T11:54:07 - [MESSAGE][PASSED] - Object: 'Object Repository/BookAppointment/Page_CURA Healthcare Service/button_Login' is clicked on

26-11-2024T11:54:07 - [TEST_STEP][PASSED] - setText(findTestObject("Object Repository/BookAppointment/Page_CURA Healthcare Service/input_Username_username"), "John Doe"): Text 'John Doe' is set on object 'Object Repository/BookAppointment/Page_CURA Healthcare Service/input_Username_username'

26-11-2024T11:54:08 - [MESSAGE][PASSED] - Text 'John Doe' is set on object 'Object Repository/BookAppointment/Page_CURA Healthcare Service/input_Username_username'

26-11-2024T11:54:08 - [TEST_STEP][PASSED] - setEncryptedText(findTestObject("Object Repository/BookAppointment/Page_CURA Healthcare Service/input_Password_password"), "g3/DOGG74jC3Flrr3yH+3D/yKbOqqUNM"): Text ****** has been set on object 'Object Repository/BookAppointment/Page_CURA Healthcare Service/input_Password_password'

26-11-2024T11:54:09 - [MESSAGE][PASSED] - Text ****** has been set on object 'Object Repository/BookAppointment/Page_CURA Healthcare Service/input_Password_password'

26-11-2024T11:54:09 - [TEST_STEP][PASSED] - click(findTestObject("Object Repository/BookAppointment/Page_CURA Healthcare Service/button_Login")): Object: 'Object Repository/BookAppointment/Page_CURA Healthcare Service/button_Login' is clicked on

26-11-2024T11:54:10 - [MESSAGE][PASSED] - Object: 'Object Repository/BookAppointment/Page_CURA Healthcare Service/button_Login' is clicked on

26-11-2024T11:54:10 - [TEST_STEP][PASSED] - click(findTestObject("Object Repository/BookAppointment/Page_CURA Healthcare Service/span_Visit Date (Required)_glyphicon glyphi_cada34")): Object: 'Object Repository/BookAppointment/Page_CURA Healthcare Service/span_Visit Date (Required)_glyphicon glyphi_cada34' is clicked on

26-11-2024T11:54:10 - [MESSAGE][PASSED] - Object: 'Object Repository/BookAppointment/Page_CURA Healthcare Service/span_Visit Date (Required)_glyphicon glyphi_cada34' is clicked on

26-11-2024T11:54:10 - [TEST_STEP][PASSED] - click(findTestObject("Object Repository/BookAppointment/Page_CURA Healthcare Service/td_29")): Object: 'Object Repository/BookAppointment/Page_CURA Healthcare Service/td_29' is clicked on

26-11-2024T11:54:11 - [MESSAGE][PASSED] - Object: 'Object Repository/BookAppointment/Page_CURA Healthcare Service/td_29' is clicked on

26-11-2024T11:54:11 - [TEST_STEP][PASSED] - setText(findTestObject("Object Repository/BookAppointment/Page_CURA Healthcare Service/textarea_Comment_comment"), "Tasha's Test"): Text 'Tasha's Test' is set on object 'Object Repository/BookAppointment/Page_CURA Healthcare Service/textarea_Comment_comment'

26-11-2024T11:54:11 - [MESSAGE][PASSED] - Text 'Tasha's Test' is set on object 'Object Repository/BookAppointment/Page_CURA Healthcare Service/textarea_Comment_comment'

26-11-2024T11:54:11 - [TEST_STEP][PASSED] - click(findTestObject("Object Repository/BookAppointment/Page_CURA Healthcare Service/button_Book Appointment")): Object: 'Object Repository/BookAppointment/Page_CURA Healthcare Service/button_Book Appointment' is clicked on

26-11-2024T11:54:12 - [MESSAGE][PASSED] - Object: 'Object Repository/BookAppointment/Page_CURA Healthcare Service/button_Book Appointment' is clicked on

26-11-2024T11:54:12 - [TEST_STEP][PASSED] - click(findTestObject("Object Repository/BookAppointment/Page_CURA Healthcare Service/a_Go to Homepage")): Object: 'Object Repository/BookAppointment/Page_CURA Healthcare Service/a_Go to Homepage' is clicked on

26-11-2024T11:54:13 - [MESSAGE][PASSED] - Object: 'Object Repository/BookAppointment/Page_CURA Healthcare Service/a_Go to Homepage' is clicked on

26-11-2024T11:54:13 - [TEST_STEP][PASSED] - click(findTestObject("Object Repository/BookAppointment/Page_CURA Healthcare Service/i_CURA Healthcare_fa fa-bars")): Object: 'Object Repository/BookAppointment/Page_CURA Healthcare Service/i_CURA Healthcare_fa fa-bars' is clicked on

26-11-2024T11:54:13 - [MESSAGE][PASSED] - Object: 'Object Repository/BookAppointment/Page_CURA Healthcare Service/i_CURA Healthcare_fa fa-bars' is clicked on

26-11-2024T11:54:13 - [TEST_STEP][PASSED] - click(findTestObject("Object Repository/BookAppointment/Page_CURA Healthcare Service/a_Logout")): Object: 'Object Repository/BookAppointment/Page_CURA Healthcare Service/a_Logout' is clicked on

26-11-2024T11:54:14 - [MESSAGE][PASSED] - Object: 'Object Repository/BookAppointment/Page_CURA Healthcare Service/a_Logout' is clicked on

26-11-2024T11:54:14 - [TEST_STEP][PASSED] - closeBrowser(): Browser is closed

26-11-2024T11:54:15 - [MESSAGE][PASSED] - Browser is closed]]></system-out>
         <system-err><![CDATA[]]></system-err>
      </testcase>
      <system-out><![CDATA[26-11-2024T11:53:15 - [TEST_SUITE][PASSED] - BookAppointment: Test Cases/BookAppointment]]></system-out>
      <system-err><![CDATA[]]></system-err>
   </testsuite>
</testsuites>
